[2m2020-06-16 20:10:49.310[0;39m [32m INFO[0;39m [35m46160[0;39m [2m---[0;39m [2m[  restartedMain][0;39m [36m.e.DevToolsPropertyDefaultsPostProcessor[0;39m [2m:[0;39m Devtools property defaults active! Set 'spring.devtools.add-properties' to 'false' to disable
[2m2020-06-16 20:10:49.318[0;39m [32m INFO[0;39m [35m46160[0;39m [2m---[0;39m [2m[  restartedMain][0;39m [36m.e.DevToolsPropertyDefaultsPostProcessor[0;39m [2m:[0;39m For additional web related logging consider setting the 'logging.level.web' property to 'DEBUG'
[2m2020-06-16 20:10:51.555[0;39m [32m INFO[0;39m [35m46160[0;39m [2m---[0;39m [2m[  restartedMain][0;39m [36mtrationDelegate$BeanPostProcessorChecker[0;39m [2m:[0;39m Bean 'org.springframework.ws.config.annotation.DelegatingWsConfiguration' of type [org.springframework.ws.config.annotation.DelegatingWsConfiguration$$EnhancerBySpringCGLIB$$af6e4b96] is not eligible for getting processed by all BeanPostProcessors (for example: not eligible for auto-proxying)
[2m2020-06-16 20:10:51.596[0;39m [32m INFO[0;39m [35m46160[0;39m [2m---[0;39m [2m[  restartedMain][0;39m [36m.w.s.a.s.AnnotationActionEndpointMapping[0;39m [2m:[0;39m Supporting [WS-Addressing August 2004, WS-Addressing 1.0]
[2m2020-06-16 20:10:51.955[0;39m [32m INFO[0;39m [35m46160[0;39m [2m---[0;39m [2m[  restartedMain][0;39m [36mo.s.b.w.embedded.tomcat.TomcatWebServer [0;39m [2m:[0;39m Tomcat initialized with port(s): 9999 (http)
[2m2020-06-16 20:10:52.095[0;39m [32m INFO[0;39m [35m46160[0;39m [2m---[0;39m [2m[  restartedMain][0;39m [36mo.s.web.context.ContextLoader           [0;39m [2m:[0;39m Root WebApplicationContext: initialization completed in 2777 ms
[2m2020-06-16 20:10:52.962[0;39m [32m INFO[0;39m [35m46160[0;39m [2m---[0;39m [2m[  restartedMain][0;39m [36mo.s.s.concurrent.ThreadPoolTaskExecutor [0;39m [2m:[0;39m Initializing ExecutorService 'applicationTaskExecutor'
[2m2020-06-16 20:10:53.004[0;39m [32m INFO[0;39m [35m46160[0;39m [2m---[0;39m [2m[  restartedMain][0;39m [36mo.s.b.d.a.OptionalLiveReloadServer      [0;39m [2m:[0;39m LiveReload server is running on port 35729
[2m2020-06-16 20:10:53.454[0;39m [32m INFO[0;39m [35m46160[0;39m [2m---[0;39m [2m[  restartedMain][0;39m [36mo.s.b.w.embedded.tomcat.TomcatWebServer [0;39m [2m:[0;39m Tomcat started on port(s): 9999 (http) with context path '/happyhouse'
[2m2020-06-16 20:11:03.574[0;39m [32m INFO[0;39m [35m46160[0;39m [2m---[0;39m [2m[nio-9999-exec-1][0;39m [36mo.s.web.servlet.DispatcherServlet       [0;39m [2m:[0;39m Initializing Servlet 'dispatcherServlet'
[2m2020-06-16 20:11:03.585[0;39m [32m INFO[0;39m [35m46160[0;39m [2m---[0;39m [2m[nio-9999-exec-1][0;39m [36mo.s.web.servlet.DispatcherServlet       [0;39m [2m:[0;39m Completed initialization in 11 ms
[2m2020-06-16 20:11:03.619[0;39m [32mDEBUG[0;39m [35m46160[0;39m [2m---[0;39m [2m[nio-9999-exec-1][0;39m [36mc.s.happyhouse.controller.QnAController [0;39m [2m:[0;39m retrieveQnA - 호출
[2m2020-06-16 20:12:16.037[0;39m [32mDEBUG[0;39m [35m46160[0;39m [2m---[0;39m [2m[nio-9999-exec-3][0;39m [36mc.s.happyhouse.controller.QnAController [0;39m [2m:[0;39m detailQnA - 호출
[2m2020-06-16 20:12:19.383[0;39m [32mDEBUG[0;39m [35m46160[0;39m [2m---[0;39m [2m[nio-9999-exec-4][0;39m [36mc.s.happyhouse.controller.QnAController [0;39m [2m:[0;39m retrieveQnA - 호출
[2m2020-06-16 20:12:22.148[0;39m [32mDEBUG[0;39m [35m46160[0;39m [2m---[0;39m [2m[nio-9999-exec-5][0;39m [36mc.s.happyhouse.controller.QnAController [0;39m [2m:[0;39m detailQnA - 호출
[2m2020-06-16 20:12:28.791[0;39m [32mDEBUG[0;39m [35m46160[0;39m [2m---[0;39m [2m[nio-9999-exec-6][0;39m [36mc.s.happyhouse.controller.QnAController [0;39m [2m:[0;39m detailQnA - 호출
[2m2020-06-16 20:12:32.021[0;39m [32mDEBUG[0;39m [35m46160[0;39m [2m---[0;39m [2m[nio-9999-exec-8][0;39m [36mc.s.happyhouse.controller.QnAController [0;39m [2m:[0;39m updateQnA - 호출
[2m2020-06-16 20:12:32.022[0;39m [32mDEBUG[0;39m [35m46160[0;39m [2m---[0;39m [2m[nio-9999-exec-8][0;39m [36mc.s.happyhouse.controller.QnAController [0;39m [2m:[0;39m QnA [qnaNo=9, qnaTitle=등록, qnaContent=등록sss, qnaUserid=project, qnaDatetime=Wed Jun 10 17:23:26 KST 2020, replyContent=null, replyDatetime=null, replyUserid=null]
[2m2020-06-16 20:12:32.872[0;39m [32mDEBUG[0;39m [35m46160[0;39m [2m---[0;39m [2m[nio-9999-exec-9][0;39m [36mc.s.happyhouse.controller.QnAController [0;39m [2m:[0;39m retrieveQnA - 호출
[2m2020-06-16 20:13:53.583[0;39m [32mDEBUG[0;39m [35m46160[0;39m [2m---[0;39m [2m[nio-9999-exec-2][0;39m [36mc.s.happyhouse.controller.QnAController [0;39m [2m:[0;39m writeQnA - 호출
[2m2020-06-16 20:13:54.445[0;39m [32mDEBUG[0;39m [35m46160[0;39m [2m---[0;39m [2m[nio-9999-exec-3][0;39m [36mc.s.happyhouse.controller.QnAController [0;39m [2m:[0;39m retrieveQnA - 호출
[2m2020-06-16 20:13:56.447[0;39m [32mDEBUG[0;39m [35m46160[0;39m [2m---[0;39m [2m[nio-9999-exec-4][0;39m [36mc.s.happyhouse.controller.QnAController [0;39m [2m:[0;39m detailQnA - 호출
[2m2020-06-16 20:13:57.941[0;39m [32mDEBUG[0;39m [35m46160[0;39m [2m---[0;39m [2m[nio-9999-exec-5][0;39m [36mc.s.happyhouse.controller.QnAController [0;39m [2m:[0;39m retrieveQnA - 호출
[2m2020-06-16 20:18:49.554[0;39m [32m INFO[0;39m [35m46160[0;39m [2m---[0;39m [2m[on(2)-127.0.0.1][0;39m [36minMXBeanRegistrar$SpringApplicationAdmin[0;39m [2m:[0;39m Application shutdown requested.
[2m2020-06-16 20:18:49.568[0;39m [32m INFO[0;39m [35m46160[0;39m [2m---[0;39m [2m[on(2)-127.0.0.1][0;39m [36mo.s.s.concurrent.ThreadPoolTaskExecutor [0;39m [2m:[0;39m Shutting down ExecutorService 'applicationTaskExecutor'
